<?xml version="1.0" encoding="UTF-8"?>
<!-- Generated by org.testng.reporters.JUnitXMLReporter -->
<testsuite ignored="0" hostname="santhoshkumar" failures="1" tests="2" name="cogmento test(failed)" time="10.343" errors="0" timestamp="2026-03-20T22:20:31 IST">
  <testcase classname="testcases.LoginTestCases" name="loginFunctions" time="0.648">
    <failure type="java.lang.AssertionError" message="expected [Free CR] but found [Free CRM]">
      <![CDATA[java.lang.AssertionError: expected [Free CR] but found [Free CRM]
at testcases.LoginTestCases.loginFunctions(LoginTestCases.java:34)
at java.base/java.util.ArrayList.forEach(ArrayList.java:1596)
... Removed 31 stack frames]]>
    </failure>
  </testcase> <!-- loginFunctions -->
  <testcase classname="testcases.ContactTestCases" name="contactSideBarFunctions" time="0.0">
    <skipped/>
  </testcase> <!-- contactSideBarFunctions -->
</testsuite> <!-- cogmento test(failed) -->
