<?xml version="1.0" encoding="UTF-8"?>
<testng-results ignored="0" total="1" passed="1" failed="0" skipped="0">
  <reporter-output>
  </reporter-output>
  <suite started-at="2026-03-13T21:35:15 IST" name="naukri login suite" finished-at="2026-03-13T21:35:23 IST" duration-ms="8869">
    <groups>
    </groups>
    <test started-at="2026-03-13T21:35:15 IST" name="naukri test" finished-at="2026-03-13T21:35:23 IST" duration-ms="8869">
      <class name="testcases.LoginTestClass">
        <test-method is-config="true" signature="initBrowser()[pri:0, instance:testcases.LoginTestClass@2f6e28bc]" started-at="2026-03-13T21:35:15 IST" name="initBrowser" finished-at="2026-03-13T21:35:22 IST" duration-ms="7245" status="PASS">
          <reporter-output>
          </reporter-output>
        </test-method> <!-- initBrowser -->
        <test-method signature="loginFunctions(java.lang.String,java.lang.String)[pri:0, instance:testcases.LoginTestClass@2f6e28bc]" started-at="2026-03-13T21:35:23 IST" name="loginFunctions" data-provider="loginData" finished-at="2026-03-13T21:35:23 IST" duration-ms="413" status="PASS">
          <params>
            <param index="0">
              <value>
                <![CDATA[priy.santhosh1992@gmail.com]]>
              </value>
            </param>
            <param index="1">
              <value>
                <![CDATA[Saibaba1@3]]>
              </value>
            </param>
          </params>
          <reporter-output>
          </reporter-output>
        </test-method> <!-- loginFunctions -->
      </class> <!-- testcases.LoginTestClass -->
    </test> <!-- naukri test -->
  </suite> <!-- naukri login suite -->
</testng-results>
