<?xml version="1.0" encoding="UTF-8"?>
<testng-results ignored="0" total="3" passed="3" failed="0" skipped="0">
  <reporter-output>
  </reporter-output>
  <suite started-at="2026-03-20T22:40:45 IST" name="cogmento login suite" finished-at="2026-03-20T22:40:57 IST" duration-ms="12771">
    <groups>
      <group name="smoke">
        <method signature="LoginTestCases.loginFunctions(java.lang.String,java.lang.String)[pri:1, instance:testcases.LoginTestCases@58ebfd03]" name="loginFunctions" class="testcases.LoginTestCases"/>
      </group> <!-- smoke -->
    </groups>
    <test started-at="2026-03-20T22:40:45 IST" name="cogmento test" finished-at="2026-03-20T22:40:57 IST" duration-ms="12771">
      <class name="testcases.LoginTestCases">
        <test-method is-config="true" signature="initBrowser()[pri:0, instance:testcases.LoginTestCases@58ebfd03]" started-at="2026-03-20T22:40:45 IST" name="initBrowser" finished-at="2026-03-20T22:40:49 IST" duration-ms="4557" status="PASS">
          <reporter-output>
          </reporter-output>
        </test-method> <!-- initBrowser -->
        <test-method signature="loginFunctions(java.lang.String,java.lang.String)[pri:1, instance:testcases.LoginTestCases@58ebfd03]" started-at="2026-03-20T22:40:51 IST" name="loginFunctions" data-provider="loginData" finished-at="2026-03-20T22:40:53 IST" duration-ms="1853" status="PASS">
          <params>
            <param index="0">
              <value>
                <![CDATA[priy.santhosh1992@gmail.com]]>
              </value>
            </param>
            <param index="1">
              <value>
                <![CDATA[Saibaba1@3]]>
              </value>
            </param>
          </params>
          <reporter-output>
          </reporter-output>
        </test-method> <!-- loginFunctions -->
      </class> <!-- testcases.LoginTestCases -->
      <class name="testcases.ContactTestCases">
        <test-method signature="contactSideBarFunctions()[pri:2, instance:testcases.ContactTestCases@a4b2d8f]" started-at="2026-03-20T22:40:53 IST" name="contactSideBarFunctions" depends-on-groups="smoke" finished-at="2026-03-20T22:40:57 IST" duration-ms="3689" status="PASS">
          <reporter-output>
          </reporter-output>
        </test-method> <!-- contactSideBarFunctions -->
      </class> <!-- testcases.ContactTestCases -->
      <class name="testcases.CallsTestCases">
        <test-method signature="callFeatureFunctions()[pri:3, instance:testcases.CallsTestCases@dcfda20]" started-at="2026-03-20T22:40:57 IST" name="callFeatureFunctions" finished-at="2026-03-20T22:40:57 IST" duration-ms="574" status="PASS">
          <reporter-output>
          </reporter-output>
        </test-method> <!-- callFeatureFunctions -->
      </class> <!-- testcases.CallsTestCases -->
    </test> <!-- cogmento test -->
  </suite> <!-- cogmento login suite -->
</testng-results>
