<?xml version="1.0" encoding="UTF-8"?>
<!-- Generated by org.testng.reporters.JUnitReportReporter -->
<testsuite hostname="santhoshkumar" failures="0" tests="2" name="parallelExecution.ParallelEexecutin" time="20.824" errors="0" timestamp="2026-03-10T22:22:50 IST" skipped="0">
  <testcase classname="parallelExecution.ParallelEexecutin" name="chrome" time="8.402"/>
  <testcase classname="parallelExecution.ParallelEexecutin" name="edge" time="12.422"/>
</testsuite> <!-- parallelExecution.ParallelEexecutin -->
