<?xml version="1.0" encoding="UTF-8"?>
<!-- Generated by org.testng.reporters.JUnitReportReporter -->
<testsuite hostname="santhoshkumar" failures="0" tests="2" name="corejavalearning.testcases.NetSpeedCheck" time="57.937" errors="0" timestamp="2026-03-05T22:30:40 IST" skipped="0">
  <testcase classname="corejavalearning.testcases.NetSpeedCheck" name="coll" time="57.917"/>
  <testcase classname="corejavalearning.testcases.NetSpeedCheck" name="streaam" time="0.020"/>
</testsuite> <!-- corejavalearning.testcases.NetSpeedCheck -->
