<?xml version="1.0" encoding="UTF-8"?>
<!-- Generated by org.testng.reporters.JUnitXMLReporter -->
<testsuite ignored="0" hostname="santhoshkumar" failures="0" tests="3" name="cogmento test" time="12.771" errors="0" timestamp="2026-03-20T22:40:58 IST">
  <testcase classname="testcases.LoginTestCases" name="loginFunctions" time="1.853"/>
  <testcase classname="testcases.ContactTestCases" name="contactSideBarFunctions" time="3.689"/>
  <testcase classname="testcases.CallsTestCases" name="callFeatureFunctions" time="0.574"/>
</testsuite> <!-- cogmento test -->
