<?xml version="1.0" encoding="UTF-8"?>
<!-- Generated by org.testng.reporters.JUnitXMLReporter -->
<testsuite ignored="0" hostname="santhoshkumar" failures="0" tests="3" name="cogmento test" time="13.639" errors="0" timestamp="2026-03-20T23:18:27 IST">
  <testcase classname="testcases.LoginTestCases" name="loginFunctions" time="0.535"/>
  <testcase classname="testcases.ContactTestCases" name="contactSideBarFunctions" time="3.477"/>
  <testcase classname="testcases.CallsTestCases" name="callFeatureFunctions" time="1.05"/>
</testsuite> <!-- cogmento test -->
